2025-12-02 00:49:33,560 - INFO - ================================================================================
2025-12-02 00:49:33,560 - INFO - COMPREHENSIVE DATASET COLLECTION FOR 100% ACCURACY
2025-12-02 00:49:33,560 - INFO - ================================================================================
2025-12-02 00:49:33,560 - INFO - 
[1/6] COLLECTING CONNECTION DESIGNS...
2025-12-02 00:49:33,560 - INFO - Collecting from AISC Design Examples...
2025-12-02 00:49:33,560 - INFO - ✓ Collected 3 AISC connections
2025-12-02 00:49:33,560 - INFO - Collecting from standards documentation...
2025-12-02 00:49:33,560 - INFO - ✓ Collected 2 standard connections
2025-12-02 00:49:33,560 - INFO - Generating 500 synthetic connection variations...
2025-12-02 00:49:33,561 - INFO - ✓ Generated 500 synthetic connections
2025-12-02 00:49:33,563 - INFO - ✓ Exported 505 connections to data/datasets_100_percent/connections.json
2025-12-02 00:49:33,563 - INFO - 
[2/6] COLLECTING STEEL SECTIONS...
2025-12-02 00:49:33,563 - INFO - Collecting AISC standard sections...
2025-12-02 00:49:33,563 - INFO - ✓ Collected 4 AISC sections
2025-12-02 00:49:33,563 - INFO - Collecting Eurocode sections...
2025-12-02 00:49:33,563 - INFO - ✓ Collected 2 Eurocode sections
2025-12-02 00:49:33,563 - INFO - Collecting British Standard sections...
2025-12-02 00:49:33,563 - INFO - ✓ Collected 1 British sections
2025-12-02 00:49:33,563 - INFO - Collecting GB Standard sections...
2025-12-02 00:49:33,563 - INFO - ✓ Collected 1 GB sections
2025-12-02 00:49:33,563 - INFO - Generating complete section database (50 per standard)...
2025-12-02 00:49:33,563 - INFO - ✓ Generated 208 sections
2025-12-02 00:49:41,861 - INFO - ================================================================================
2025-12-02 00:49:41,861 - INFO - COMPREHENSIVE DATASET COLLECTION FOR 100% ACCURACY
2025-12-02 00:49:41,861 - INFO - ================================================================================
2025-12-02 00:49:41,862 - INFO - 
[1/6] COLLECTING CONNECTION DESIGNS...
2025-12-02 00:49:41,862 - INFO - Collecting from AISC Design Examples...
2025-12-02 00:49:41,862 - INFO - ✓ Collected 3 AISC connections
2025-12-02 00:49:41,862 - INFO - Collecting from standards documentation...
2025-12-02 00:49:41,862 - INFO - ✓ Collected 2 standard connections
2025-12-02 00:49:41,862 - INFO - Generating 500 synthetic connection variations...
2025-12-02 00:49:41,862 - INFO - ✓ Generated 500 synthetic connections
2025-12-02 00:49:41,864 - INFO - ✓ Exported 505 connections to data/datasets_100_percent/connections.json
2025-12-02 00:49:41,864 - INFO - 
[2/6] COLLECTING STEEL SECTIONS...
2025-12-02 00:49:41,864 - INFO - Collecting AISC standard sections...
2025-12-02 00:49:41,864 - INFO - ✓ Collected 4 AISC sections
2025-12-02 00:49:41,864 - INFO - Collecting Eurocode sections...
2025-12-02 00:49:41,865 - INFO - ✓ Collected 2 Eurocode sections
2025-12-02 00:49:41,865 - INFO - Collecting British Standard sections...
2025-12-02 00:49:41,865 - INFO - ✓ Collected 1 British sections
2025-12-02 00:49:41,865 - INFO - Collecting GB Standard sections...
2025-12-02 00:49:41,865 - INFO - ✓ Collected 1 GB sections
2025-12-02 00:49:41,865 - INFO - Generating complete section database (50 per standard)...
2025-12-02 00:49:41,865 - INFO - ✓ Generated 208 sections
2025-12-02 00:49:41,869 - INFO - ✓ Exported 208 sections to data/datasets_100_percent/steel_sections.csv
2025-12-02 00:49:41,869 - INFO - 
[3/6] COLLECTING DESIGN DECISIONS...
2025-12-02 00:49:41,869 - INFO - Generating 1000 design decision precedents...
2025-12-02 00:49:41,871 - INFO - ✓ Generated 1000 design decisions
2025-12-02 00:49:41,878 - INFO - ✓ Exported 1000 decisions to data/datasets_100_percent/design_decisions.json
2025-12-02 00:49:41,878 - INFO - 
[4/6] COLLECTING CLASH SCENARIOS...
2025-12-02 00:49:41,878 - INFO - Generating 1000 clash scenarios...
2025-12-02 00:49:41,879 - INFO - ✓ Generated 1000 clash scenarios
2025-12-02 00:49:41,885 - INFO - ✓ Exported 1000 clashes to data/datasets_100_percent/clashes.json
2025-12-02 00:49:41,885 - INFO - 
[5/6] COLLECTING COMPLIANCE CASES...
2025-12-02 00:49:41,885 - INFO - Generating 500 compliance cases...
2025-12-02 00:49:41,885 - INFO - ✓ Generated 500 compliance cases
2025-12-02 00:49:41,888 - INFO - ✓ Exported 500 compliance cases to data/datasets_100_percent/compliance_cases.json
2025-12-02 00:49:41,888 - INFO - 
[6/6] GENERATING SUMMARY REPORT...
2025-12-02 00:49:41,888 - INFO - 
================================================================================
2025-12-02 00:49:41,888 - INFO - DATA COLLECTION COMPLETE
2025-12-02 00:49:41,888 - INFO - ================================================================================
2025-12-02 00:49:41,888 - INFO - 
Summary:
2025-12-02 00:49:41,888 - INFO -   Connections:        505
2025-12-02 00:49:41,888 - INFO -   Steel Sections:     208
2025-12-02 00:49:41,888 - INFO -   Design Decisions:   1,000
2025-12-02 00:49:41,888 - INFO -   Clash Examples:     1,000
2025-12-02 00:49:41,888 - INFO -   Compliance Cases:   500
2025-12-02 00:49:41,888 - INFO -   ─────────────────────────
2025-12-02 00:49:41,888 - INFO -   GRAND TOTAL:        3,213 entries
2025-12-02 00:49:41,888 - INFO - 
Output Directory: data/datasets_100_percent
2025-12-02 00:49:41,888 - INFO - ================================================================================
