2025-12-01 23:10:02,873 [INFO] aibuildx.auto_repair: Inferred profile for member m1
2025-12-01 23:10:02,873 [INFO] aibuildx.auto_repair: Inferred profile for member m2
2025-12-01 23:10:02,873 [INFO] aibuildx.auto_repair: Assigned default material S235 to m1
2025-12-01 23:10:02,873 [INFO] aibuildx.auto_repair: Assigned default material S355 to m2
2025-12-01 23:10:02,874 [INFO] aibuildx.auto_repair: Auto repair completed. Members:2 Plates:0 Joints:0
2025-12-01 23:10:22,245 [INFO] aibuildx.auto_repair: Inferred profile for member m1
2025-12-01 23:10:22,245 [INFO] aibuildx.auto_repair: Inferred profile for member m2
2025-12-01 23:10:22,245 [INFO] aibuildx.auto_repair: Assigned default material S235 to m1
2025-12-01 23:10:22,245 [INFO] aibuildx.auto_repair: Assigned default material S355 to m2
2025-12-01 23:10:22,246 [INFO] aibuildx.auto_repair: Auto repair completed. Members:2 Plates:0 Joints:0
2025-12-01 23:10:42,298 [INFO] aibuildx.auto_repair: Inferred profile for member m1
2025-12-01 23:10:42,299 [INFO] aibuildx.auto_repair: Inferred profile for member m2
2025-12-01 23:10:42,299 [INFO] aibuildx.auto_repair: Assigned default material S235 to m1
2025-12-01 23:10:42,299 [INFO] aibuildx.auto_repair: Assigned default material S355 to m2
2025-12-01 23:10:42,300 [INFO] aibuildx.auto_repair: Auto repair completed. Members:2 Plates:0 Joints:0
2025-12-01 23:13:28,337 [INFO] aibuildx.auto_repair: Inferred profile for member m1
2025-12-01 23:13:28,337 [INFO] aibuildx.auto_repair: Assigned default material S235 to m1
2025-12-01 23:13:28,338 [INFO] aibuildx.auto_repair: Auto repair completed. Members:1 Plates:0 Joints:0
2025-12-01 23:15:11,036 [INFO] aibuildx.auto_repair: Inferred profile for member m1
2025-12-01 23:15:11,037 [INFO] aibuildx.auto_repair: Inferred profile for member m2
2025-12-01 23:15:11,037 [INFO] aibuildx.auto_repair: Assigned default material S235 to m1
2025-12-01 23:15:11,037 [INFO] aibuildx.auto_repair: Assigned default material S355 to m2
2025-12-01 23:15:11,038 [INFO] aibuildx.auto_repair: Auto repair completed. Members:2 Plates:0 Joints:0
2025-12-01 23:26:47,842 [INFO] aibuildx.auto_repair: Assigned default material S235 to 09dc2a5d-6650-4155-a3c9-1ae8356057fe
2025-12-01 23:26:47,845 [INFO] aibuildx.auto_repair: Auto repair completed. Members:1 Plates:0 Joints:0
2025-12-01 23:26:47,853 [INFO] aibuildx.auto_repair: Auto repair completed. Members:0 Plates:0 Joints:0
2025-12-01 23:26:47,893 [INFO] aibuildx.auto_repair: Assigned default material S235 to d25d4abc-1b78-4673-9858-edda608f16e1
2025-12-01 23:26:47,893 [INFO] aibuildx.auto_repair: Assigned default material S235 to d143f250-0d6a-4e1d-971e-512f8c5059db
2025-12-01 23:26:47,893 [INFO] aibuildx.auto_repair: Assigned default material S235 to 9e4b04bc-7002-4992-97af-7685d55c70f9
2025-12-01 23:26:47,894 [INFO] aibuildx.auto_repair: Auto repair completed. Members:3 Plates:0 Joints:1
2025-12-01 23:26:47,905 [INFO] aibuildx.auto_repair: Assigned default material S235 to f7e8c8d5-958c-491b-b640-fe3e2253c827
2025-12-01 23:26:47,905 [INFO] aibuildx.auto_repair: Assigned default material S235 to 31ad5af7-f9ba-4e34-adf0-a074a77afbcb
2025-12-01 23:26:47,905 [INFO] aibuildx.auto_repair: Assigned default material S235 to aad66bd2-013d-4685-910a-e9bc86b7fe32
2025-12-01 23:26:47,905 [INFO] aibuildx.auto_repair: Assigned default material S235 to e476a969-2006-4c53-9215-8951aa5555f6
2025-12-01 23:26:47,905 [INFO] aibuildx.auto_repair: Auto repair completed. Members:4 Plates:0 Joints:1
2025-12-01 23:26:47,918 [INFO] aibuildx.auto_repair: Assigned default material S235 to 130befdf-4eeb-411b-a7f8-0a8bf90e99e4
2025-12-01 23:26:47,918 [INFO] aibuildx.auto_repair: Assigned default material S235 to 7caffaa2-d249-45d2-8f20-2b04534ac0a0
2025-12-01 23:26:47,918 [INFO] aibuildx.auto_repair: Assigned default material S235 to b9b24a23-a8f2-4de0-a91e-baf194abe481
2025-12-01 23:26:47,918 [INFO] aibuildx.auto_repair: Assigned default material S235 to 35c24697-955a-4020-b91f-5cf293c3c6c6
2025-12-01 23:26:47,918 [INFO] aibuildx.auto_repair: Auto repair completed. Members:4 Plates:0 Joints:1
2025-12-01 23:26:47,932 [INFO] aibuildx.auto_repair: Assigned default material S235 to c3da2e97-8030-40df-beba-a46683c08f30
2025-12-01 23:26:47,932 [INFO] aibuildx.auto_repair: Assigned default material S235 to 4279077b-a068-4cb7-b992-7be6d2866c39
2025-12-01 23:26:47,932 [INFO] aibuildx.auto_repair: Assigned default material S235 to 27653dd1-88c0-4122-9fe5-4b54e8bbc8e8
2025-12-01 23:26:47,932 [INFO] aibuildx.auto_repair: Assigned default material S235 to b45ee46e-0243-41ac-a1f0-d11f17f3dfe1
2025-12-01 23:26:47,932 [INFO] aibuildx.auto_repair: Auto repair completed. Members:4 Plates:0 Joints:1
2025-12-01 23:26:47,933 [INFO] aibuildx.auto_repair: Inferred profile for member m1
2025-12-01 23:26:47,933 [INFO] aibuildx.auto_repair: Assigned default material S235 to m1
2025-12-01 23:26:47,933 [INFO] aibuildx.auto_repair: Assigned default material S235 to m2
2025-12-01 23:26:47,933 [INFO] aibuildx.auto_repair: Auto repair completed. Members:2 Plates:0 Joints:0
2025-12-01 23:26:47,936 [INFO] aibuildx.auto_repair: Assigned default material S235 to ecea2b1e-e794-4b30-be9c-5253e7140209
2025-12-01 23:26:47,936 [INFO] aibuildx.auto_repair: Assigned default material S235 to 94b4cd0d-2ea2-4d34-9ace-e5f3e6057d45
2025-12-01 23:26:47,937 [INFO] aibuildx.auto_repair: Auto repair completed. Members:2 Plates:0 Joints:1
2025-12-01 23:28:21,087 [INFO] aibuildx.auto_repair: Assigned default material S235 to 3856b99b-8a60-44fd-9d4d-5ed8d2cb93ef
2025-12-01 23:28:21,088 [INFO] aibuildx.auto_repair: Assigned default material S235 to a0e6d268-f2fe-4794-96f9-647b6a528a74
2025-12-01 23:28:21,088 [INFO] aibuildx.auto_repair: Auto repair completed. Members:2 Plates:0 Joints:1
2025-12-01 23:28:53,957 [INFO] aibuildx.auto_repair: Assigned default material S235 to b047c136-9d5c-4624-9e0c-4fa3ab7a919b
2025-12-01 23:28:53,958 [INFO] aibuildx.auto_repair: Assigned default material S235 to 117201c0-2444-4ac4-aea4-6455b1ab2a71
2025-12-01 23:28:53,959 [INFO] aibuildx.auto_repair: Auto repair completed. Members:2 Plates:0 Joints:1
2025-12-01 23:29:04,150 [INFO] aibuildx.auto_repair: Assigned default material S235 to e9f25264-948b-4c92-ab83-267b910a6693
2025-12-01 23:29:04,151 [INFO] aibuildx.auto_repair: Auto repair completed. Members:1 Plates:0 Joints:0
2025-12-01 23:29:04,155 [INFO] aibuildx.auto_repair: Auto repair completed. Members:0 Plates:0 Joints:0
2025-12-01 23:29:04,187 [INFO] aibuildx.auto_repair: Assigned default material S235 to 11347929-23c1-406c-9cdd-8a8dde555fba
2025-12-01 23:29:04,187 [INFO] aibuildx.auto_repair: Assigned default material S235 to e63bde3a-c553-43bb-be6c-5f64eb374159
2025-12-01 23:29:04,187 [INFO] aibuildx.auto_repair: Assigned default material S235 to 5c5c6d07-edcc-4fc4-8794-55c8339e6a1b
2025-12-01 23:29:04,187 [INFO] aibuildx.auto_repair: Auto repair completed. Members:3 Plates:0 Joints:1
2025-12-01 23:29:04,197 [INFO] aibuildx.auto_repair: Assigned default material S235 to bc30c89a-f177-4cb1-b19a-05885800b3ce
2025-12-01 23:29:04,197 [INFO] aibuildx.auto_repair: Assigned default material S235 to 70d99faa-346b-40e0-8f61-6c61237cd883
2025-12-01 23:29:04,197 [INFO] aibuildx.auto_repair: Assigned default material S235 to 7420ffd5-d3bc-416f-93c0-db74ffeaa31f
2025-12-01 23:29:04,197 [INFO] aibuildx.auto_repair: Assigned default material S235 to c2b4a8ca-c827-451f-801c-eeabc1a3b8de
2025-12-01 23:29:04,197 [INFO] aibuildx.auto_repair: Auto repair completed. Members:4 Plates:0 Joints:1
2025-12-01 23:29:04,207 [INFO] aibuildx.auto_repair: Assigned default material S235 to a029b3ac-28f0-439a-92d3-c192f2efed4b
2025-12-01 23:29:04,207 [INFO] aibuildx.auto_repair: Assigned default material S235 to 091e5f1a-5f4a-4d53-a9c8-747a136a327c
2025-12-01 23:29:04,207 [INFO] aibuildx.auto_repair: Assigned default material S235 to 9d47e36a-150e-455e-99af-3735fa7af003
2025-12-01 23:29:04,208 [INFO] aibuildx.auto_repair: Assigned default material S235 to ecac58af-3ccb-40e8-abf9-2a0a1a39128a
2025-12-01 23:29:04,208 [INFO] aibuildx.auto_repair: Auto repair completed. Members:4 Plates:0 Joints:1
2025-12-01 23:29:04,221 [INFO] aibuildx.auto_repair: Assigned default material S235 to 43dadbd4-90d7-43ba-8036-32cd89e0a35e
2025-12-01 23:29:04,221 [INFO] aibuildx.auto_repair: Assigned default material S235 to 44d727df-080b-4c79-b03e-9abb086d02fb
2025-12-01 23:29:04,222 [INFO] aibuildx.auto_repair: Assigned default material S235 to f780253d-445a-4ef4-acd4-ebcc796720a8
2025-12-01 23:29:04,222 [INFO] aibuildx.auto_repair: Assigned default material S235 to 664152aa-ff46-4243-a9a1-5c0bdaadbeac
2025-12-01 23:29:04,222 [INFO] aibuildx.auto_repair: Auto repair completed. Members:4 Plates:0 Joints:1
2025-12-01 23:29:04,222 [INFO] aibuildx.auto_repair: Inferred profile for member m1
2025-12-01 23:29:04,223 [INFO] aibuildx.auto_repair: Assigned default material S235 to m1
2025-12-01 23:29:04,223 [INFO] aibuildx.auto_repair: Assigned default material S235 to m2
2025-12-01 23:29:04,223 [INFO] aibuildx.auto_repair: Auto repair completed. Members:2 Plates:0 Joints:0
2025-12-01 23:29:04,226 [INFO] aibuildx.auto_repair: Assigned default material S235 to b93157a3-d8f0-49e6-9a80-dd5116e94cbc
2025-12-01 23:29:04,226 [INFO] aibuildx.auto_repair: Assigned default material S235 to 19afd101-2953-4704-9606-be222c89a2d4
2025-12-01 23:29:04,226 [INFO] aibuildx.auto_repair: Auto repair completed. Members:2 Plates:0 Joints:1
2025-12-01 23:29:04,232 [INFO] aibuildx.auto_repair: Assigned default material S235 to m1
2025-12-01 23:29:04,232 [INFO] aibuildx.auto_repair: Auto repair completed. Members:1 Plates:0 Joints:0
2025-12-01 23:29:04,233 [INFO] aibuildx.auto_repair: Assigned default material S235 to m2
2025-12-01 23:29:04,234 [INFO] aibuildx.auto_repair: Auto repair completed. Members:1 Plates:0 Joints:0
2025-12-01 23:56:41,731 [INFO] aibuildx.auto_repair: Assigned default material S235 to m1
2025-12-01 23:56:41,732 [INFO] aibuildx.auto_repair: Assigned default material S235 to m2
2025-12-01 23:56:41,735 [INFO] aibuildx.auto_repair: Auto repair completed. Members:2 Plates:0 Joints:0
2025-12-01 23:57:53,734 [INFO] aibuildx.auto_repair: Assigned default material S235 to m1
2025-12-01 23:57:53,735 [INFO] aibuildx.auto_repair: Assigned default material S235 to m2
2025-12-01 23:57:53,735 [INFO] aibuildx.auto_repair: Assigned default material S235 to m3
2025-12-01 23:57:53,736 [INFO] aibuildx.auto_repair: Auto repair completed. Members:3 Plates:0 Joints:0
2025-12-01 23:58:18,582 [INFO] aibuildx.auto_repair: Assigned default material S235 to m1
2025-12-01 23:58:18,582 [INFO] aibuildx.auto_repair: Assigned default material S235 to m2
2025-12-01 23:58:18,582 [INFO] aibuildx.auto_repair: Assigned default material S235 to m3
2025-12-01 23:58:18,583 [INFO] aibuildx.auto_repair: Auto repair completed. Members:3 Plates:0 Joints:0
2025-12-01 23:58:43,888 [INFO] aibuildx.auto_repair: Assigned default material S235 to m1
2025-12-01 23:58:43,888 [INFO] aibuildx.auto_repair: Assigned default material S235 to m2
2025-12-01 23:58:43,889 [INFO] aibuildx.auto_repair: Auto repair completed. Members:2 Plates:0 Joints:0
2025-12-02 00:26:06,752 [INFO] aibuildx.auto_repair: Assigned default material S235 to m1
2025-12-02 00:26:06,753 [INFO] aibuildx.auto_repair: Assigned default material S235 to m2
2025-12-02 00:26:06,755 [INFO] aibuildx.auto_repair: Auto repair completed. Members:2 Plates:0 Joints:0
2025-12-02 00:26:06,793 [INFO] aibuildx.auto_repair: Assigned default material S235 to bb0fab97-22b3-4cca-b785-297cc0d4a60e
2025-12-02 00:26:06,794 [INFO] aibuildx.auto_repair: Auto repair completed. Members:1 Plates:0 Joints:0
2025-12-02 00:26:06,796 [INFO] aibuildx.auto_repair: Auto repair completed. Members:0 Plates:0 Joints:0
2025-12-02 00:26:06,833 [INFO] aibuildx.auto_repair: Assigned default material S235 to 76b70b8e-81bc-4f42-ac5e-2141f074a742
2025-12-02 00:26:06,833 [INFO] aibuildx.auto_repair: Assigned default material S235 to 42477bab-c5c3-4e85-9066-ddc3d3cd2557
2025-12-02 00:26:06,833 [INFO] aibuildx.auto_repair: Assigned default material S235 to 8b9e19b4-301f-4393-a5b6-fccb32fc30ab
2025-12-02 00:26:06,834 [INFO] aibuildx.auto_repair: Auto repair completed. Members:3 Plates:0 Joints:1
2025-12-02 00:26:06,852 [INFO] aibuildx.auto_repair: Assigned default material S235 to ce1b1836-aae1-4371-99b6-26a968096780
2025-12-02 00:26:06,852 [INFO] aibuildx.auto_repair: Assigned default material S235 to 3ca7423f-150a-4759-a043-88c9b861aa97
2025-12-02 00:26:06,852 [INFO] aibuildx.auto_repair: Assigned default material S235 to 4d0d9ab2-075d-4473-93d5-a774d8d8ac33
2025-12-02 00:26:06,852 [INFO] aibuildx.auto_repair: Assigned default material S235 to 576520fb-0362-43f1-be9f-65c8b3eb9d71
2025-12-02 00:26:06,852 [INFO] aibuildx.auto_repair: Auto repair completed. Members:4 Plates:0 Joints:1
2025-12-02 00:26:06,876 [INFO] aibuildx.auto_repair: Assigned default material S235 to cfed9335-f9ca-4cca-b7e3-9a163aaa4f20
2025-12-02 00:26:06,876 [INFO] aibuildx.auto_repair: Assigned default material S235 to 4c8cf989-d710-4496-8b8d-86eadbefece3
2025-12-02 00:26:06,876 [INFO] aibuildx.auto_repair: Assigned default material S235 to aa65f09f-2b7f-4b7f-990b-94c706adf78f
2025-12-02 00:26:06,876 [INFO] aibuildx.auto_repair: Assigned default material S235 to 407cd95d-85d2-47aa-b25e-3b2ca8ff4f7c
2025-12-02 00:26:06,877 [INFO] aibuildx.auto_repair: Auto repair completed. Members:4 Plates:0 Joints:1
2025-12-02 00:26:06,892 [INFO] aibuildx.auto_repair: Assigned default material S235 to e0e963bc-b4dd-4943-8fd9-d69e74309c8c
2025-12-02 00:26:06,892 [INFO] aibuildx.auto_repair: Assigned default material S235 to 3045c6a5-28f9-492a-b184-ea16735708f8
2025-12-02 00:26:06,892 [INFO] aibuildx.auto_repair: Assigned default material S235 to 8c266294-5c6f-4b42-88dd-783d43b1d278
2025-12-02 00:26:06,892 [INFO] aibuildx.auto_repair: Assigned default material S235 to 55584605-e834-49e1-91ba-dcd9bffe7a2c
2025-12-02 00:26:06,892 [INFO] aibuildx.auto_repair: Auto repair completed. Members:4 Plates:0 Joints:1
2025-12-02 00:26:06,893 [INFO] aibuildx.auto_repair: Inferred profile for member m1
2025-12-02 00:26:06,893 [INFO] aibuildx.auto_repair: Assigned default material S235 to m1
2025-12-02 00:26:06,893 [INFO] aibuildx.auto_repair: Assigned default material S235 to m2
2025-12-02 00:26:06,893 [INFO] aibuildx.auto_repair: Auto repair completed. Members:2 Plates:0 Joints:0
2025-12-02 00:26:06,910 [INFO] aibuildx.auto_repair: Assigned default material S235 to acad9dca-ff22-4292-a7da-0ebe9b8463a5
2025-12-02 00:26:06,910 [INFO] aibuildx.auto_repair: Assigned default material S235 to dee87476-3ba8-4c27-a5d9-72d4d1e1461a
2025-12-02 00:26:06,910 [INFO] aibuildx.auto_repair: Auto repair completed. Members:2 Plates:0 Joints:1
2025-12-02 00:26:06,913 [INFO] aibuildx.auto_repair: Assigned default material S235 to m1
2025-12-02 00:26:06,914 [INFO] aibuildx.auto_repair: Auto repair completed. Members:1 Plates:0 Joints:0
2025-12-02 00:26:06,914 [INFO] aibuildx.auto_repair: Assigned default material S235 to m2
2025-12-02 00:26:06,914 [INFO] aibuildx.auto_repair: Auto repair completed. Members:1 Plates:0 Joints:0
2025-12-02 00:27:13,210 [INFO] aibuildx.auto_repair: Assigned default material S235 to m1
2025-12-02 00:27:13,211 [INFO] aibuildx.auto_repair: Assigned default material S235 to m2
2025-12-02 00:27:13,213 [INFO] aibuildx.auto_repair: Auto repair completed. Members:2 Plates:0 Joints:0
2025-12-02 00:27:13,240 [INFO] aibuildx.auto_repair: Assigned default material S235 to 64616c06-2eed-4903-8da6-133bd665da71
2025-12-02 00:27:13,240 [INFO] aibuildx.auto_repair: Auto repair completed. Members:1 Plates:0 Joints:0
2025-12-02 00:27:13,243 [INFO] aibuildx.auto_repair: Auto repair completed. Members:0 Plates:0 Joints:0
2025-12-02 00:27:13,282 [INFO] aibuildx.auto_repair: Assigned default material S235 to 7a6cc67d-1bf3-4373-a8c8-cdedc8d25391
2025-12-02 00:27:13,282 [INFO] aibuildx.auto_repair: Assigned default material S235 to cccbe459-3f38-4b5d-a56e-e2d7f90be653
2025-12-02 00:27:13,282 [INFO] aibuildx.auto_repair: Assigned default material S235 to 303ccb12-4025-44a6-909b-f4082ab6d411
2025-12-02 00:27:13,283 [INFO] aibuildx.auto_repair: Auto repair completed. Members:3 Plates:0 Joints:1
2025-12-02 00:27:13,296 [INFO] aibuildx.auto_repair: Assigned default material S235 to 37f52835-9f49-4dc2-9b2c-ef9020ff19f3
2025-12-02 00:27:13,296 [INFO] aibuildx.auto_repair: Assigned default material S235 to 296928b0-cf7e-483b-88c9-106206583bf7
2025-12-02 00:27:13,296 [INFO] aibuildx.auto_repair: Assigned default material S235 to 81ebf1ab-f2bb-4ccd-811a-83eeb4633cef
2025-12-02 00:27:13,296 [INFO] aibuildx.auto_repair: Assigned default material S235 to e6dbfe77-7889-4ec4-bcb7-4d5e6ad8d388
2025-12-02 00:27:13,296 [INFO] aibuildx.auto_repair: Auto repair completed. Members:4 Plates:0 Joints:1
2025-12-02 00:27:13,324 [INFO] aibuildx.auto_repair: Assigned default material S235 to 1c823a51-e213-40f2-b281-8fad62e820a1
2025-12-02 00:27:13,324 [INFO] aibuildx.auto_repair: Assigned default material S235 to 59b336c0-d899-4728-8a3f-6e95d762d077
2025-12-02 00:27:13,325 [INFO] aibuildx.auto_repair: Assigned default material S235 to b9417b83-02fc-4449-abdc-3a628049d64b
2025-12-02 00:27:13,325 [INFO] aibuildx.auto_repair: Assigned default material S235 to 844f094c-a107-4c4f-93dc-bdb4db8672ea
2025-12-02 00:27:13,325 [INFO] aibuildx.auto_repair: Auto repair completed. Members:4 Plates:0 Joints:1
2025-12-02 00:27:13,346 [INFO] aibuildx.auto_repair: Assigned default material S235 to edd0b3d4-b4cd-491b-9e6a-2e96989a942a
2025-12-02 00:27:13,346 [INFO] aibuildx.auto_repair: Assigned default material S235 to c3350e5a-40b4-4b28-af89-0ed590039ed4
2025-12-02 00:27:13,346 [INFO] aibuildx.auto_repair: Assigned default material S235 to 7be6fb19-557a-4e5e-8834-7dead46fce86
2025-12-02 00:27:13,346 [INFO] aibuildx.auto_repair: Assigned default material S235 to 22dd2710-8bd0-4f09-a7c8-9bfc6c8b5a45
2025-12-02 00:27:13,346 [INFO] aibuildx.auto_repair: Auto repair completed. Members:4 Plates:0 Joints:1
2025-12-02 00:27:13,347 [INFO] aibuildx.auto_repair: Inferred profile for member m1
2025-12-02 00:27:13,347 [INFO] aibuildx.auto_repair: Assigned default material S235 to m1
2025-12-02 00:27:13,347 [INFO] aibuildx.auto_repair: Assigned default material S235 to m2
2025-12-02 00:27:13,347 [INFO] aibuildx.auto_repair: Auto repair completed. Members:2 Plates:0 Joints:0
2025-12-02 00:27:13,365 [INFO] aibuildx.auto_repair: Assigned default material S235 to 35244c1c-35f4-4f2a-95ec-db5e20d8586a
2025-12-02 00:27:13,365 [INFO] aibuildx.auto_repair: Assigned default material S235 to 41ff09a9-d088-4a20-89e2-c9419442b8e1
2025-12-02 00:27:13,365 [INFO] aibuildx.auto_repair: Auto repair completed. Members:2 Plates:0 Joints:1
2025-12-02 00:27:13,369 [INFO] aibuildx.auto_repair: Assigned default material S235 to m1
2025-12-02 00:27:13,369 [INFO] aibuildx.auto_repair: Auto repair completed. Members:1 Plates:0 Joints:0
2025-12-02 00:27:13,370 [INFO] aibuildx.auto_repair: Assigned default material S235 to m2
2025-12-02 00:27:13,370 [INFO] aibuildx.auto_repair: Auto repair completed. Members:1 Plates:0 Joints:0
2025-12-02 00:28:01,206 [INFO] aibuildx.auto_repair: Assigned default material S235 to m1
2025-12-02 00:28:01,207 [INFO] aibuildx.auto_repair: Assigned default material S235 to m2
2025-12-02 00:28:01,208 [INFO] aibuildx.auto_repair: Auto repair completed. Members:2 Plates:0 Joints:0
